<!DOCTYPE html>
<html><head lang="ja">
	<meta charset="utf-8" />
	<meta http-equiv="X-UA-Compatible" content="IE=edge"><title>Windows Python - 発火後忘失</title><meta name="viewport" content="width=device-width, initial-scale=1">
	<meta name="description" content="ChocolateyでインストールしたPython3の運用について。
proxy
pip コマンドは環境変数 http_proxy , https_proxy を見ているので、プロキシ環境下ではこれらの設定を行っておく。
Ansible インストール
結論としては色々障害があり諦めた。ただし必要があれば問題を解消してインストールすることは可能と思われる。 おそらく次のリンク先の事象と同じ。" />
	<meta property="og:image" content="https://yukihane.github.io/"/>
	<meta property="og:url" content="https://yukihane.github.io/docs/python/windows-python/">
  <meta property="og:site_name" content="発火後忘失">
  <meta property="og:title" content="Windows Python">
  <meta property="og:description" content="ChocolateyでインストールしたPython3の運用について。
proxy pip コマンドは環境変数 http_proxy , https_proxy を見ているので、プロキシ環境下ではこれらの設定を行っておく。
Ansible インストール 結論としては色々障害があり諦めた。ただし必要があれば問題を解消してインストールすることは可能と思われる。 おそらく次のリンク先の事象と同じ。">
  <meta property="og:locale" content="ja">
  <meta property="og:type" content="article">
    <meta property="article:section" content="docs">
    <meta property="article:published_time" content="2020-07-26T03:02:03+00:00">
    <meta property="article:modified_time" content="2020-07-26T03:02:03+00:00">

  <meta name="twitter:card" content="summary">
  <meta name="twitter:title" content="Windows Python">
  <meta name="twitter:description" content="ChocolateyでインストールしたPython3の運用について。
proxy pip コマンドは環境変数 http_proxy , https_proxy を見ているので、プロキシ環境下ではこれらの設定を行っておく。
Ansible インストール 結論としては色々障害があり諦めた。ただし必要があれば問題を解消してインストールすることは可能と思われる。 おそらく次のリンク先の事象と同じ。">

        <link href="https://yukihane.github.io/css/fonts.2c2227b81b1970a03e760aa2e6121cd01f87c88586803cbb282aa224720a765f.css" rel="stylesheet">
	

	
	<link rel="stylesheet" type="text/css" media="screen" href="https://yukihane.github.io/css/main.a0a79e0f1e1b1461143426d13d803a6ca343eab47102f3e6b899d9c06bbd5134.css" />
		<link id="darkModeStyle" rel="stylesheet" type="text/css" href="https://yukihane.github.io/css/dark.f163b79c6de51d14a766ff9f0563053de7f06a4d1bf7b85a59608bf96e566710.css"  disabled />
</head>
<body>
        <div class="content"><header>
	<div class="main">
		<a href="https://yukihane.github.io/">発火後忘失</a>
	</div>
	<nav>
		
		<a href="/blog">Blog</a>
		
		<a href="/docs">Docs</a>
		
		<a href="/tags">Tags</a>
		
		<a href="https://github.com/yukihane/resume/blob/main/README.md">Resume</a>
		
		<button id="dark-mode-toggle" class="nav-toggle" onclick="toggleTheme()" aria-label="Toggle dark mode" type="button"><svg class="feather" viewBox="0 0 24 24" fill="none" stroke="#232333" stroke-width="2" stroke-linecap="round" stroke-linejoin="round">
      <circle cx="12" cy="12" r="5"></circle>
      <line x1="12" y1="1" x2="12" y2="3"></line>
      <line x1="12" y1="21" x2="12" y2="23"></line>
      <line x1="4.22" y1="4.22" x2="5.64" y2="5.64"></line>
      <line x1="18.36" y1="18.36" x2="19.78" y2="19.78"></line>
      <line x1="1" y1="12" x2="3" y2="12"></line>
      <line x1="21" y1="12" x2="23" y2="12"></line>
      <line x1="4.22" y1="19.78" x2="5.64" y2="18.36"></line>
      <line x1="18.36" y1="5.64" x2="19.78" y2="4.22"></line>
    </svg></button>
		<script src="https://yukihane.github.io/js/themetoggle.js"></script>
		
	</nav>
</header>

<main>
  <article>
    <div class="post-container">
      
      <div class="post-content">
        <div class="title">
          <h1 class="title">Windows Python</h1>
          <div class="meta">Posted on 2020/07/26</div>
        </div>
        
        <section class="body">
          <p><a href="Chocolatey">ChocolateyでインストールしたPython</a>3の運用について。</p>
<h1 id="proxy">proxy</h1>
<p><code>pip</code> コマンドは環境変数 <code>http_proxy</code> , <code>https_proxy</code> を見ているので、プロキシ環境下ではこれらの設定を行っておく。</p>
<h1 id="ansible-インストール">Ansible インストール</h1>
<p>結論としては色々障害があり諦めた。ただし必要があれば問題を解消してインストールすることは可能と思われる。 おそらく次のリンク先の事象と同じ。</p>
<ul>
<li><a href="http://qiita.com/walkure/items/09516cb711ff1c886286">Windows(x64)でPython3.6.0(x64)にPyCryptoを入れるメモ - Qiita</a></li>
</ul>
<p><code>pip</code> コマンドでインストールしようとすると以下のエラーになる。</p>
<div class="highlight"><div class="chroma">
<table class="lntable"><tr><td class="lntd">
<pre tabindex="0" class="chroma"><code><span class="lnt">1
</span><span class="lnt">2
</span><span class="lnt">3
</span><span class="lnt">4
</span><span class="lnt">5
</span><span class="lnt">6
</span><span class="lnt">7
</span><span class="lnt">8
</span></code></pre></td>
<td class="lntd">
<pre tabindex="0" class="chroma"><code class="language-winbatch" data-lang="winbatch"><span class="line"><span class="cl"><span class="p">&gt;</span>pip install ansible
</span></span><span class="line"><span class="cl"><span class="p">(</span>中略<span class="p">)</span>
</span></span><span class="line"><span class="cl">    warning: GMP or MPIR library not found; Not building Crypto.PublicKey._fastmath.
</span></span><span class="line"><span class="cl">    building &#39;Crypto.Random.OSRNG.winrandom&#39; extension
</span></span><span class="line"><span class="cl">    error: Microsoft Visual C++ 14.0 is required. Get it with <span class="s2">&#34;Microsoft Visual C++ Build Tools&#34;</span>: http://landinghub.visualstudio.com/visual-cpp-build-tools
</span></span><span class="line"><span class="cl">
</span></span><span class="line"><span class="cl">    ----------------------------------------
</span></span><span class="line"><span class="cl">Command <span class="s2">&#34;c:\python36\python.exe -u -c &#34;</span>import setuptools, tokenize;__file__=&#39;C:\\Users\\xxx\\AppData\\Local\\Temp\\pip-build-6vc171ni\\pycrypto\\setup.py&#39;;f=getattr(tokenize, &#39;open&#39;, open)(__file__);code=f.read().replace(&#39;\r\n&#39;, &#39;\n&#39;);f.close();exec(compile(code, __file__, &#39;exec&#39;))<span class="s2">&#34; install --record C:\Users\xxx\AppData\Local\Temp\pip-5ckp1rdw-record\install-record.txt --single-version-externally-managed --compile&#34;</span> failed with error code 1 in C:\Users\xxx\AppData\Local\Temp\pip-build-6vc171ni\pycrypto\
</span></span></code></pre></td></tr></table>
</div>
</div><p>メッセージに従い、 <a href="http://landinghub.visualstudio.com/visual-cpp-build-tools">http://landinghub.visualstudio.com/visual-cpp-build-tools</a> で &ldquo;Visual C++ Build Tools 2015&rdquo; をダウンロードしインストールする。インストールオプションはデフォルトのまま。</p>
<p>その後、再度インストールを試みるも、別のエラーが発生。</p>
<pre><code>    C:\Program Files (x86)\Microsoft Visual Studio 14.0\VC\BIN\x86_amd64\cl.exe /c /nologo /Ox /W3 /GL /DNDEBUG /MD -Isrc/ -Isrc/inc-msvc/ -Ic:\python36\include -Ic:\python36\include &quot;-IC:\Program Files (x86)\Microsoft Visual Studio 14.0\VC\INCLUDE&quot; &quot;-IC:\Program Files (x86)\Windows Kits\10\include\10.0.10240.0\ucrt&quot; &quot;-IC:\Program Files (x86)\Windows Kits\8.1\include\shared&quot; &quot;-IC:\Program Files (x86)\Windows Kits\8.1\include\um&quot; &quot;-IC:\Program Files (x86)\Windows Kits\8.1\include\winrt&quot; /Tcsrc/winrand.c /Fobuild\temp.win-amd64-3.6\Release\src/winrand.obj    winrand.c
    C:\Program Files (x86)\Windows Kits\10\include\10.0.10240.0\ucrt\inttypes.h(26): error C2061: syntax error: identifier 'intmax_t'
    C:\Program Files (x86)\Windows Kits\10\include\10.0.10240.0\ucrt\inttypes.h(27): error C2061: syntax error: identifier 'rem'
    C:\Program Files (x86)\Windows Kits\10\include\10.0.10240.0\ucrt\inttypes.h(27): error C2059: syntax error: ';'
    C:\Program Files (x86)\Windows Kits\10\include\10.0.10240.0\ucrt\inttypes.h(28): error C2059: syntax error: '}'
    C:\Program Files (x86)\Windows Kits\10\include\10.0.10240.0\ucrt\inttypes.h(30): error C2061: syntax error: identifier 'imaxdiv_t'
    C:\Program Files (x86)\Windows Kits\10\include\10.0.10240.0\ucrt\inttypes.h(30): error C2059: syntax error: ';'
    C:\Program Files (x86)\Windows Kits\10\include\10.0.10240.0\ucrt\inttypes.h(40): error C2143: syntax error: missing'{' before '__cdecl'
    C:\Program Files (x86)\Windows Kits\10\include\10.0.10240.0\ucrt\inttypes.h(41): error C2146: syntax error: missing')' before identifier '_Number'
    C:\Program Files (x86)\Windows Kits\10\include\10.0.10240.0\ucrt\inttypes.h(41): error C2061: syntax error: identifier '_Number'
    C:\Program Files (x86)\Windows Kits\10\include\10.0.10240.0\ucrt\inttypes.h(41): error C2059: syntax error: ';'
    C:\Program Files (x86)\Windows Kits\10\include\10.0.10240.0\ucrt\inttypes.h(42): error C2059: syntax error: ')'
    C:\Program Files (x86)\Windows Kits\10\include\10.0.10240.0\ucrt\inttypes.h(45): error C2143: syntax error: missing'{' before '__cdecl'
    C:\Program Files (x86)\Windows Kits\10\include\10.0.10240.0\ucrt\inttypes.h(46): error C2146: syntax error: missing')' before identifier '_Numerator'
    C:\Program Files (x86)\Windows Kits\10\include\10.0.10240.0\ucrt\inttypes.h(46): error C2061: syntax error: identifier '_Numerator'
    C:\Program Files (x86)\Windows Kits\10\include\10.0.10240.0\ucrt\inttypes.h(46): error C2059: syntax error: ';'
    C:\Program Files (x86)\Windows Kits\10\include\10.0.10240.0\ucrt\inttypes.h(46): error C2059: syntax error: ','
    C:\Program Files (x86)\Windows Kits\10\include\10.0.10240.0\ucrt\inttypes.h(48): error C2059: syntax error: ')'
    C:\Program Files (x86)\Windows Kits\10\include\10.0.10240.0\ucrt\inttypes.h(50): error C2143: syntax error: missing'{' before '__cdecl'
    C:\Program Files (x86)\Windows Kits\10\include\10.0.10240.0\ucrt\inttypes.h(56): error C2143: syntax error: missing'{' before '__cdecl'
    C:\Program Files (x86)\Windows Kits\10\include\10.0.10240.0\ucrt\inttypes.h(63): error C2143: syntax error: missing'{' before '__cdecl'
    C:\Program Files (x86)\Windows Kits\10\include\10.0.10240.0\ucrt\inttypes.h(69): error C2143: syntax error: missing'{' before '__cdecl'
    C:\Program Files (x86)\Windows Kits\10\include\10.0.10240.0\ucrt\inttypes.h(76): error C2143: syntax error: missing'{' before '__cdecl'
    C:\Program Files (x86)\Windows Kits\10\include\10.0.10240.0\ucrt\inttypes.h(82): error C2143: syntax error: missing'{' before '__cdecl'
    C:\Program Files (x86)\Windows Kits\10\include\10.0.10240.0\ucrt\inttypes.h(89): error C2143: syntax error: missing'{' before '__cdecl'
    C:\Program Files (x86)\Windows Kits\10\include\10.0.10240.0\ucrt\inttypes.h(95): error C2143: syntax error: missing'{' before '__cdecl'
    error: command 'C:\\Program Files (x86)\\Microsoft Visual Studio 14.0\\VC\\BIN\\x86_amd64\\cl.exe' failed with exit
status 2
</code></pre>
<p>冒頭記載リンク先「PyCryptoとコンパイラのstdint.hがバッティング」と同じ事象だと思われるが、作業中断。</p>

        </section>
        <div class="post-tags">
          
          
          
        </div>
      </div>

      
      
    </div>

    </article>
</main>
<footer>
  <div style="display:flex"><a class="soc" href="https://github.com/yukihane" rel="me" title="GitHub"><svg class="feather">
       <use href="/svg/feather-sprite.51cf5647cb1987f769b616558f2620fd9423d72058490231b391bf6aa3744b55.svg#github" />
    </svg></a><a class="border"></a></div>
  <div class="footer-info">
    2026  © Yukihane, All Rights Reserved |  <a
      href="https://github.com/athul/archie">Archie Theme</a> | Built with <a href="https://gohugo.io">Hugo</a>
  </div>
</footer>


      <script async src="https://www.googletagmanager.com/gtag/js?id=G-E9J8FN5B4Q"></script>
      <script>
        var doNotTrack = false;
        if ( false ) {
          var dnt = (navigator.doNotTrack || window.doNotTrack || navigator.msDoNotTrack);
          var doNotTrack = (dnt == "1" || dnt == "yes");
        }
        if (!doNotTrack) {
          window.dataLayer = window.dataLayer || [];
          function gtag(){dataLayer.push(arguments);}
          gtag('js', new Date());
          gtag('config', 'G-E9J8FN5B4Q');
        }
      </script>

</div>
    </body>
</html>
